Determining if the pthread_create exist failed with the following output:
Change Dir: /home/charles/video_ws/build/CMakeFiles/CMakeTmp

Run Build Command:"/usr/bin/make" "cmTC_ac4ef/fast"
/usr/bin/make -f CMakeFiles/cmTC_ac4ef.dir/build.make CMakeFiles/cmTC_ac4ef.dir/build
make[1]: Entering directory '/home/charles/video_ws/build/CMakeFiles/CMakeTmp'
Building C object CMakeFiles/cmTC_ac4ef.dir/CheckSymbolExists.c.o
/usr/bin/cc    -o CMakeFiles/cmTC_ac4ef.dir/CheckSymbolExists.c.o   -c /home/charles/video_ws/build/CMakeFiles/CMakeTmp/CheckSymbolExists.c
Linking C executable cmTC_ac4ef
/usr/bin/cmake -E cmake_link_script CMakeFiles/cmTC_ac4ef.dir/link.txt --verbose=1
/usr/bin/cc      -rdynamic CMakeFiles/cmTC_ac4ef.dir/CheckSymbolExists.c.o  -o cmTC_ac4ef 
CMakeFiles/cmTC_ac4ef.dir/CheckSymbolExists.c.o: In function `main':
CheckSymbolExists.c:(.text+0x1b): undefined reference to `pthread_create'
collect2: error: ld returned 1 exit status
CMakeFiles/cmTC_ac4ef.dir/build.make:97: recipe for target 'cmTC_ac4ef' failed
make[1]: *** [cmTC_ac4ef] Error 1
make[1]: Leaving directory '/home/charles/video_ws/build/CMakeFiles/CMakeTmp'
Makefile:126: recipe for target 'cmTC_ac4ef/fast' failed
make: *** [cmTC_ac4ef/fast] Error 2

File /home/charles/video_ws/build/CMakeFiles/CMakeTmp/CheckSymbolExists.c:
/* */
#include <pthread.h>

int main(int argc, char** argv)
{
  (void)argv;
#ifndef pthread_create
  return ((int*)(&pthread_create))[argc];
#else
  (void)argc;
  return 0;
#endif
}

Determining if the function pthread_create exists in the pthreads failed with the following output:
Change Dir: /home/charles/video_ws/build/CMakeFiles/CMakeTmp

Run Build Command:"/usr/bin/make" "cmTC_df19f/fast"
/usr/bin/make -f CMakeFiles/cmTC_df19f.dir/build.make CMakeFiles/cmTC_df19f.dir/build
make[1]: Entering directory '/home/charles/video_ws/build/CMakeFiles/CMakeTmp'
Building C object CMakeFiles/cmTC_df19f.dir/CheckFunctionExists.c.o
/usr/bin/cc   -DCHECK_FUNCTION_EXISTS=pthread_create   -o CMakeFiles/cmTC_df19f.dir/CheckFunctionExists.c.o   -c /usr/share/cmake-3.10/Modules/CheckFunctionExists.c
Linking C executable cmTC_df19f
/usr/bin/cmake -E cmake_link_script CMakeFiles/cmTC_df19f.dir/link.txt --verbose=1
/usr/bin/cc  -DCHECK_FUNCTION_EXISTS=pthread_create    -rdynamic CMakeFiles/cmTC_df19f.dir/CheckFunctionExists.c.o  -o cmTC_df19f -lpthreads 
/usr/bin/x86_64-linux-gnu-ld: cannot find -lpthreads
collect2: error: ld returned 1 exit status
CMakeFiles/cmTC_df19f.dir/build.make:97: recipe for target 'cmTC_df19f' failed
make[1]: *** [cmTC_df19f] Error 1
make[1]: Leaving directory '/home/charles/video_ws/build/CMakeFiles/CMakeTmp'
Makefile:126: recipe for target 'cmTC_df19f/fast' failed
make: *** [cmTC_df19f/fast] Error 2


